<?xml version="1.0" encoding="UTF-8"?>
<!-- Generated by org.testng.reporters.JUnitXMLReporter -->
<testsuite hostname="DESKTOP-FB03BDO" ignored="1" name="Default test" tests="16" failures="0" timestamp="04 Mar 2018 18:54:29 GMT" time="0.06" errors="0">
  <testcase name="testClass1Method3" time="0.004" classname="test.sagar.sample.sampleCodes.TestClass1"/>
  <testcase name="testClass1Method4" time="0.001" classname="test.sagar.sample.sampleCodes.TestClass1"/>
  <testcase name="testClass1Method5" time="0.001" classname="test.sagar.sample.sampleCodes.TestClass1"/>
  <testcase name="testClass2Method1" time="0.001" classname="test.sagar.sample.sampleCodes.TestClass2"/>
  <testcase name="testClass2Method2" time="0.002" classname="test.sagar.sample.sampleCodes.TestClass2"/>
  <testcase name="testClass2Method2" time="0.002" classname="test.sagar.sample.sampleCodes.TestClass2"/>
  <testcase name="testClass2Method2" time="0.003" classname="test.sagar.sample.sampleCodes.TestClass2"/>
  <testcase name="testClass2Method2" time="0.001" classname="test.sagar.sample.sampleCodes.TestClass2"/>
  <testcase name="testClass2Method2" time="0.004" classname="test.sagar.sample.sampleCodes.TestClass2"/>
  <testcase name="testClass2Method2" time="0.003" classname="test.sagar.sample.sampleCodes.TestClass2"/>
  <testcase name="testClass2Method2" time="0.005" classname="test.sagar.sample.sampleCodes.TestClass2"/>
  <testcase name="testClass2Method2" time="0.002" classname="test.sagar.sample.sampleCodes.TestClass2"/>
  <testcase name="testClass2Method2" time="0.003" classname="test.sagar.sample.sampleCodes.TestClass2"/>
  <testcase name="testClass2Method2" time="0.002" classname="test.sagar.sample.sampleCodes.TestClass2"/>
  <testcase name="testClass2Method4" time="0.001" classname="test.sagar.sample.sampleCodes.TestClass2"/>
  <testcase name="testClass2Method5" time="0.001" classname="test.sagar.sample.sampleCodes.TestClass2">
    <skipped/>
  </testcase> <!-- testClass2Method5 -->
  <testcase name="testClass2Method3" time="0.0" classname="test.sagar.sample.sampleCodes.TestClass2">
    <ignored/>
  </testcase> <!-- testClass2Method3 -->
</testsuite> <!-- Default test -->
