<?xml version="1.0" encoding="UTF-8"?>
<!-- Generated by org.testng.reporters.JUnitXMLReporter -->
<testsuite hostname="DESKTOP-FB03BDO" ignored="4" name="Test" tests="15" failures="1" timestamp="04 Mar 2018 18:57:19 GMT" time="0.086" errors="0">
  <testcase name="testClass1Method3" time="0.011" classname="test.sagar.sample.sampleCodes.TestClass1"/>
  <testcase name="testClass1Method4" time="0.001" classname="test.sagar.sample.sampleCodes.TestClass1"/>
  <testcase name="testClass1Method5" time="0.001" classname="test.sagar.sample.sampleCodes.TestClass1"/>
  <testcase name="testClass2Method1" time="0.001" classname="test.sagar.sample.sampleCodes.TestClass2"/>
  <testcase name="testClass2Method2" time="0.002" classname="test.sagar.sample.sampleCodes.TestClass2"/>
  <testcase name="testClass2Method2" time="0.002" classname="test.sagar.sample.sampleCodes.TestClass2"/>
  <testcase name="testClass2Method2" time="0.002" classname="test.sagar.sample.sampleCodes.TestClass2"/>
  <testcase name="testClass2Method2" time="0.001" classname="test.sagar.sample.sampleCodes.TestClass2"/>
  <testcase name="testClass2Method2" time="0.003" classname="test.sagar.sample.sampleCodes.TestClass2"/>
  <testcase name="testClass2Method2" time="0.002" classname="test.sagar.sample.sampleCodes.TestClass2"/>
  <testcase name="testClass2Method2" time="0.003" classname="test.sagar.sample.sampleCodes.TestClass2"/>
  <testcase name="testClass2Method2" time="0.001" classname="test.sagar.sample.sampleCodes.TestClass2"/>
  <testcase name="testClass2Method2" time="0.003" classname="test.sagar.sample.sampleCodes.TestClass2"/>
  <testcase name="testClass2Method2" time="0.002" classname="test.sagar.sample.sampleCodes.TestClass2"/>
  <testcase name="init" time="0.025" classname="test.PageObjectModel.SalesforceTest">
    <failure type="java.lang.NullPointerException">
      <![CDATA[java.lang.NullPointerException
	at org.openqa.selenium.support.pagefactory.DefaultElementLocator.findElement(DefaultElementLocator.java:69)
	at org.openqa.selenium.support.pagefactory.internal.LocatingElementHandler.invoke(LocatingElementHandler.java:38)
	at com.sun.proxy.$Proxy9.sendKeys(Unknown Source)
	at test.PageObjectModel.SalesforceLoginPage.enterUserName(SalesforceLoginPage.java:23)
	at test.PageObjectModel.SalesforceTest.init(SalesforceTest.java:17)
... Removed 25 stack frames]]>
    </failure>
  </testcase> <!-- init -->
  <testcase name="testClass2Method5" time="0.0" classname="test.sagar.sample.sampleCodes.TestClass2">
    <ignored/>
  </testcase> <!-- testClass2Method5 -->
  <testcase name="test1" time="0.0" classname="test.sagar.sample.sampleCodes.testNgTest">
    <ignored/>
  </testcase> <!-- test1 -->
  <testcase name="testClass2Method4" time="0.0" classname="test.sagar.sample.sampleCodes.TestClass2">
    <ignored/>
  </testcase> <!-- testClass2Method4 -->
  <testcase name="testClass2Method3" time="0.0" classname="test.sagar.sample.sampleCodes.TestClass2">
    <ignored/>
  </testcase> <!-- testClass2Method3 -->
</testsuite> <!-- Test -->
