<?xml version="1.0" encoding="UTF-8" ?>
<testsuite tests="21" failures="1" name="TestSuite" time="0.23" errors="0" skipped="1">
  <properties>
[...]
</properties>
  <testcase classname="test.sagar.sample.sampleCodes.TestClass1" name="testClass1Method3" time="0.002"/>
  <testcase classname="test.sagar.sample.sampleCodes.TestClass1" name="testClass1Method4" time="0"/>
  <testcase classname="test.sagar.sample.sampleCodes.TestClass1" name="testClass1Method5" time="0"/>
  <testcase classname="test.sagar.sample.sampleCodes.TestClass2" name="testClass2Method1" time="0"/>
  <testcase classname="test.sagar.sample.sampleCodes.TestClass2" name="testClass2Method2" time="0.001"/>
  <testcase classname="test.sagar.sample.sampleCodes.TestClass2" name="testClass2Method2" time="0.001"/>
  <testcase classname="test.sagar.sample.sampleCodes.TestClass2" name="testClass2Method2" time="0.001"/>
  <testcase classname="test.sagar.sample.sampleCodes.TestClass2" name="testClass2Method2" time="0"/>
  <testcase classname="test.sagar.sample.sampleCodes.TestClass2" name="testClass2Method2" time="0"/>
  <testcase classname="test.sagar.sample.sampleCodes.TestClass2" name="testClass2Method2" time="0"/>
  <testcase classname="test.sagar.sample.sampleCodes.TestClass2" name="testClass2Method2" time="0.001"/>
  <testcase classname="test.sagar.sample.sampleCodes.TestClass2" name="testClass2Method2" time="0.001"/>
  <testcase classname="test.sagar.sample.sampleCodes.TestClass2" name="testClass2Method2" time="0.001"/>
  <testcase classname="test.sagar.sample.sampleCodes.TestClass2" name="testClass2Method2" time="0"/>
  <testcase classname="test.sagar.sample.sampleCodes.TestClass2" name="testClass2Method4" time="0"/>
  <testcase classname="test.sagar.sample.sampleCodes.TestClass2" name="testClass2Method5" time="0">
    <skipped/>
  </testcase>
  <testcase classname="test.sagar.sample.sampleCodes.testNgTest" name="test1" time="0"/>
  <testcase classname="test.sagar.sample.sampleCodes.testNgTest" name="test1" time="0"/>
  <testcase classname="test.PageObjectModel.SalesforceTest" name="init" time="0.215"/>
  <testcase classname="test.sagar.sample.sampleCodes.TestClass1" name="testClass1Method2" time="0"/>
  <testcase classname="test.sagar.sample.sampleCodes.TestClass1" name="testClass1Method1" time="0.007">
    <failure message="
Parameter &apos;browser&apos; is required by @Test on method testClass1Method1 but has not been marked @Optional or defined
" type="org.testng.TestNGException">org.testng.TestNGException: 
Parameter &apos;browser&apos; is required by @Test on method testClass1Method1 but has not been marked @Optional or defined

	at org.testng.internal.Parameters.createParameters(Parameters.java:199)
	at org.testng.internal.Parameters.createParameters(Parameters.java:443)
	at org.testng.internal.Parameters.handleParameters(Parameters.java:569)
	at org.testng.internal.Invoker.handleParameters(Invoker.java:1308)
	at org.testng.internal.Invoker.createParameters(Invoker.java:1036)
	at org.testng.internal.Invoker.invokeTestMethods(Invoker.java:1126)
	at org.testng.internal.TestMethodWorker.invokeTestMethods(TestMethodWorker.java:126)
	at org.testng.internal.TestMethodWorker.run(TestMethodWorker.java:109)
	at org.testng.TestRunner.privateRun(TestRunner.java:744)
	at org.testng.TestRunner.run(TestRunner.java:602)
	at org.testng.SuiteRunner.runTest(SuiteRunner.java:380)
	at org.testng.SuiteRunner.runSequentially(SuiteRunner.java:375)
	at org.testng.SuiteRunner.privateRun(SuiteRunner.java:340)
	at org.testng.SuiteRunner.run(SuiteRunner.java:289)
	at org.testng.SuiteRunnerWorker.runSuite(SuiteRunnerWorker.java:52)
	at org.testng.SuiteRunnerWorker.run(SuiteRunnerWorker.java:86)
	at org.testng.TestNG.runSuitesSequentially(TestNG.java:1301)
	at org.testng.TestNG.runSuitesLocally(TestNG.java:1226)
	at org.testng.TestNG.runSuites(TestNG.java:1144)
	at org.testng.TestNG.run(TestNG.java:1115)
	at org.apache.maven.surefire.testng.TestNGExecutor.run(TestNGExecutor.java:77)
	at org.apache.maven.surefire.testng.TestNGDirectoryTestSuite.executeMulti(TestNGDirectoryTestSuite.java:159)
	at org.apache.maven.surefire.testng.TestNGDirectoryTestSuite.execute(TestNGDirectoryTestSuite.java:99)
	at org.apache.maven.surefire.testng.TestNGProvider.invoke(TestNGProvider.java:106)
	at sun.reflect.NativeMethodAccessorImpl.invoke0(Native Method)
	at sun.reflect.NativeMethodAccessorImpl.invoke(NativeMethodAccessorImpl.java:62)
	at sun.reflect.DelegatingMethodAccessorImpl.invoke(DelegatingMethodAccessorImpl.java:43)
	at java.lang.reflect.Method.invoke(Method.java:498)
	at org.apache.maven.surefire.util.ReflectionUtils.invokeMethodWithArray(ReflectionUtils.java:189)
	at org.apache.maven.surefire.booter.ProviderFactory$ProviderProxy.invoke(ProviderFactory.java:165)
	at org.apache.maven.surefire.booter.ProviderFactory.invokeProvider(ProviderFactory.java:85)
	at org.apache.maven.surefire.booter.ForkedBooter.runSuitesInProcess(ForkedBooter.java:115)
	at org.apache.maven.surefire.booter.ForkedBooter.main(ForkedBooter.java:75)
</failure>
    <system-err>[Utils] [ERROR] [Error] org.testng.TestNGException: 
Parameter &amp;apos;browser&amp;apos; is required by @Test on method testClass1Method1 but has not been marked @Optional or defined

	at org.testng.internal.Parameters.createParameters(Parameters.java:199)
	at org.testng.internal.Parameters.createParameters(Parameters.java:443)
	at org.testng.internal.Parameters.handleParameters(Parameters.java:569)
	at org.testng.internal.Invoker.handleParameters(Invoker.java:1308)
	at org.testng.internal.Invoker.createParameters(Invoker.java:1036)
	at org.testng.internal.Invoker.invokeTestMethods(Invoker.java:1126)
	at org.testng.internal.TestMethodWorker.invokeTestMethods(TestMethodWorker.java:126)
	at org.testng.internal.TestMethodWorker.run(TestMethodWorker.java:109)
	at org.testng.TestRunner.privateRun(TestRunner.java:744)
	at org.testng.TestRunner.run(TestRunner.java:602)
	at org.testng.SuiteRunner.runTest(SuiteRunner.java:380)
	at org.testng.SuiteRunner.runSequentially(SuiteRunner.java:375)
	at org.testng.SuiteRunner.privateRun(SuiteRunner.java:340)
	at org.testng.SuiteRunner.run(SuiteRunner.java:289)
	at org.testng.SuiteRunnerWorker.runSuite(SuiteRunnerWorker.java:52)
	at org.testng.SuiteRunnerWorker.run(SuiteRunnerWorker.java:86)
	at org.testng.TestNG.runSuitesSequentially(TestNG.java:1301)
	at org.testng.TestNG.runSuitesLocally(TestNG.java:1226)
	at org.testng.TestNG.runSuites(TestNG.java:1144)
	at org.testng.TestNG.run(TestNG.java:1115)
	at org.apache.maven.surefire.testng.TestNGExecutor.run(TestNGExecutor.java:77)
	at org.apache.maven.surefire.testng.TestNGDirectoryTestSuite.executeMulti(TestNGDirectoryTestSuite.java:159)
	at org.apache.maven.surefire.testng.TestNGDirectoryTestSuite.execute(TestNGDirectoryTestSuite.java:99)
	at org.apache.maven.surefire.testng.TestNGProvider.invoke(TestNGProvider.java:106)
	at sun.reflect.NativeMethodAccessorImpl.invoke0(Native Method)
	at sun.reflect.NativeMethodAccessorImpl.invoke(NativeMethodAccessorImpl.java:62)
	at sun.reflect.DelegatingMethodAccessorImpl.invoke(DelegatingMethodAccessorImpl.java:43)
	at java.lang.reflect.Method.invoke(Method.java:498)
	at org.apache.maven.surefire.util.ReflectionUtils.invokeMethodWithArray(ReflectionUtils.java:189)
	at org.apache.maven.surefire.booter.ProviderFactory$ProviderProxy.invoke(ProviderFactory.java:165)
	at org.apache.maven.surefire.booter.ProviderFactory.invokeProvider(ProviderFactory.java:85)
	at org.apache.maven.surefire.booter.ForkedBooter.runSuitesInProcess(ForkedBooter.java:115)
	at org.apache.maven.surefire.booter.ForkedBooter.main(ForkedBooter.java:75)

</system-err>
  </testcase>
</testsuite>