<?xml version="1.0" encoding="UTF-8"?>
<testng-results skipped="0" failed="1" ignored="4" total="19" passed="14">
  <reporter-output>
  </reporter-output>
  <suite name="Suite" duration-ms="86" started-at="2018-03-04T18:57:19Z" finished-at="2018-03-04T18:57:19Z">
    <groups>
      <group name="regression">
        <method signature="TestClass1.testClass1Method3(org.testng.ITestContext)[pri:0, instance:test.sagar.sample.sampleCodes.TestClass1@28d25987]" name="testClass1Method3" class="test.sagar.sample.sampleCodes.TestClass1"/>
        <method signature="TestClass1.testClass1Method4()[pri:0, instance:test.sagar.sample.sampleCodes.TestClass1@28d25987]" name="testClass1Method4" class="test.sagar.sample.sampleCodes.TestClass1"/>
        <method signature="TestClass1.testClass1Method5()[pri:0, instance:test.sagar.sample.sampleCodes.TestClass1@28d25987]" name="testClass1Method5" class="test.sagar.sample.sampleCodes.TestClass1"/>
      </group> <!-- regression -->
      <group name="smoke">
        <method signature="TestClass2.testClass2Method1()[pri:0, instance:test.sagar.sample.sampleCodes.TestClass2@5b275dab]" name="testClass2Method1" class="test.sagar.sample.sampleCodes.TestClass2"/>
        <method signature="TestClass2.testClass2Method2()[pri:0, instance:test.sagar.sample.sampleCodes.TestClass2@5b275dab]" name="testClass2Method2" class="test.sagar.sample.sampleCodes.TestClass2"/>
      </group> <!-- smoke -->
      <group name="sanity">
        <method signature="TestClass1.testClass1Method2(org.testng.ITestContext)[pri:1, instance:test.sagar.sample.sampleCodes.TestClass1@28d25987]" name="testClass1Method2" class="test.sagar.sample.sampleCodes.TestClass1"/>
        <method signature="TestClass1.testClass1Method1(java.lang.String)[pri:0, instance:test.sagar.sample.sampleCodes.TestClass1@28d25987]" name="testClass1Method1" class="test.sagar.sample.sampleCodes.TestClass1"/>
      </group> <!-- sanity -->
      <group name="pageObject">
        <method signature="SalesforceTest.init()[pri:0, instance:test.PageObjectModel.SalesforceTest@29774679]" name="init" class="test.PageObjectModel.SalesforceTest"/>
      </group> <!-- pageObject -->
    </groups>
    <test name="Test" duration-ms="86" started-at="2018-03-04T18:57:19Z" finished-at="2018-03-04T18:57:19Z">
      <class name="test.sagar.sample.sampleCodes.TestClass2">
        <test-method status="PASS" signature="testClass2Method1()[pri:0, instance:test.sagar.sample.sampleCodes.TestClass2@5b275dab]" name="testClass2Method1" duration-ms="1" started-at="2018-03-05T00:27:19Z" finished-at="2018-03-05T00:27:19Z">
          <reporter-output>
          </reporter-output>
        </test-method> <!-- testClass2Method1 -->
        <test-method status="PASS" signature="testClass2Method2()[pri:0, instance:test.sagar.sample.sampleCodes.TestClass2@5b275dab]" name="testClass2Method2" duration-ms="2" started-at="2018-03-05T00:27:19Z" finished-at="2018-03-05T00:27:19Z">
          <reporter-output>
          </reporter-output>
        </test-method> <!-- testClass2Method2 -->
        <test-method status="PASS" signature="testClass2Method2()[pri:0, instance:test.sagar.sample.sampleCodes.TestClass2@5b275dab]" name="testClass2Method2" duration-ms="2" started-at="2018-03-05T00:27:19Z" finished-at="2018-03-05T00:27:19Z">
          <reporter-output>
          </reporter-output>
        </test-method> <!-- testClass2Method2 -->
        <test-method status="PASS" signature="testClass2Method2()[pri:0, instance:test.sagar.sample.sampleCodes.TestClass2@5b275dab]" name="testClass2Method2" duration-ms="2" started-at="2018-03-05T00:27:19Z" finished-at="2018-03-05T00:27:19Z">
          <reporter-output>
          </reporter-output>
        </test-method> <!-- testClass2Method2 -->
        <test-method status="PASS" signature="testClass2Method2()[pri:0, instance:test.sagar.sample.sampleCodes.TestClass2@5b275dab]" name="testClass2Method2" duration-ms="1" started-at="2018-03-05T00:27:19Z" finished-at="2018-03-05T00:27:19Z">
          <reporter-output>
          </reporter-output>
        </test-method> <!-- testClass2Method2 -->
        <test-method status="PASS" signature="testClass2Method2()[pri:0, instance:test.sagar.sample.sampleCodes.TestClass2@5b275dab]" name="testClass2Method2" duration-ms="3" started-at="2018-03-05T00:27:19Z" finished-at="2018-03-05T00:27:19Z">
          <reporter-output>
          </reporter-output>
        </test-method> <!-- testClass2Method2 -->
        <test-method status="PASS" signature="testClass2Method2()[pri:0, instance:test.sagar.sample.sampleCodes.TestClass2@5b275dab]" name="testClass2Method2" duration-ms="3" started-at="2018-03-05T00:27:19Z" finished-at="2018-03-05T00:27:19Z">
          <reporter-output>
          </reporter-output>
        </test-method> <!-- testClass2Method2 -->
        <test-method status="PASS" signature="testClass2Method2()[pri:0, instance:test.sagar.sample.sampleCodes.TestClass2@5b275dab]" name="testClass2Method2" duration-ms="2" started-at="2018-03-05T00:27:19Z" finished-at="2018-03-05T00:27:19Z">
          <reporter-output>
          </reporter-output>
        </test-method> <!-- testClass2Method2 -->
        <test-method status="PASS" signature="testClass2Method2()[pri:0, instance:test.sagar.sample.sampleCodes.TestClass2@5b275dab]" name="testClass2Method2" duration-ms="3" started-at="2018-03-05T00:27:19Z" finished-at="2018-03-05T00:27:19Z">
          <reporter-output>
          </reporter-output>
        </test-method> <!-- testClass2Method2 -->
        <test-method status="PASS" signature="testClass2Method2()[pri:0, instance:test.sagar.sample.sampleCodes.TestClass2@5b275dab]" name="testClass2Method2" duration-ms="1" started-at="2018-03-05T00:27:19Z" finished-at="2018-03-05T00:27:19Z">
          <reporter-output>
          </reporter-output>
        </test-method> <!-- testClass2Method2 -->
        <test-method status="PASS" signature="testClass2Method2()[pri:0, instance:test.sagar.sample.sampleCodes.TestClass2@5b275dab]" name="testClass2Method2" duration-ms="2" started-at="2018-03-05T00:27:19Z" finished-at="2018-03-05T00:27:19Z">
          <reporter-output>
          </reporter-output>
        </test-method> <!-- testClass2Method2 -->
      </class> <!-- test.sagar.sample.sampleCodes.TestClass2 -->
      <class name="test.PageObjectModel.SalesforceTest">
        <test-method status="FAIL" signature="init()[pri:0, instance:test.PageObjectModel.SalesforceTest@29774679]" name="init" duration-ms="25" started-at="2018-03-05T00:27:19Z" finished-at="2018-03-05T00:27:19Z">
          <exception class="java.lang.NullPointerException">
            <full-stacktrace>
              <![CDATA[java.lang.NullPointerException
	at org.openqa.selenium.support.pagefactory.DefaultElementLocator.findElement(DefaultElementLocator.java:69)
	at org.openqa.selenium.support.pagefactory.internal.LocatingElementHandler.invoke(LocatingElementHandler.java:38)
	at com.sun.proxy.$Proxy9.sendKeys(Unknown Source)
	at test.PageObjectModel.SalesforceLoginPage.enterUserName(SalesforceLoginPage.java:23)
	at test.PageObjectModel.SalesforceTest.init(SalesforceTest.java:17)
	at sun.reflect.NativeMethodAccessorImpl.invoke0(Native Method)
	at sun.reflect.NativeMethodAccessorImpl.invoke(NativeMethodAccessorImpl.java:62)
	at sun.reflect.DelegatingMethodAccessorImpl.invoke(DelegatingMethodAccessorImpl.java:43)
	at java.lang.reflect.Method.invoke(Method.java:498)
	at org.testng.internal.MethodInvocationHelper.invokeMethod(MethodInvocationHelper.java:108)
	at org.testng.internal.Invoker.invokeMethod(Invoker.java:661)
	at org.testng.internal.Invoker.invokeTestMethod(Invoker.java:869)
	at org.testng.internal.Invoker.invokeTestMethods(Invoker.java:1193)
	at org.testng.internal.TestMethodWorker.invokeTestMethods(TestMethodWorker.java:126)
	at org.testng.internal.TestMethodWorker.run(TestMethodWorker.java:109)
	at org.testng.TestRunner.privateRun(TestRunner.java:744)
	at org.testng.TestRunner.run(TestRunner.java:602)
	at org.testng.SuiteRunner.runTest(SuiteRunner.java:380)
	at org.testng.SuiteRunner.runSequentially(SuiteRunner.java:375)
	at org.testng.SuiteRunner.privateRun(SuiteRunner.java:340)
	at org.testng.SuiteRunner.run(SuiteRunner.java:289)
	at org.testng.SuiteRunnerWorker.runSuite(SuiteRunnerWorker.java:52)
	at org.testng.SuiteRunnerWorker.run(SuiteRunnerWorker.java:86)
	at org.testng.TestNG.runSuitesSequentially(TestNG.java:1301)
	at org.testng.TestNG.runSuitesLocally(TestNG.java:1226)
	at org.testng.TestNG.runSuites(TestNG.java:1144)
	at org.testng.TestNG.run(TestNG.java:1115)
	at org.testng.remote.AbstractRemoteTestNG.run(AbstractRemoteTestNG.java:126)
	at org.testng.remote.RemoteTestNG.initAndRun(RemoteTestNG.java:152)
	at org.testng.remote.RemoteTestNG.main(RemoteTestNG.java:57)
]]>
            </full-stacktrace>
          </exception> <!-- java.lang.NullPointerException -->
          <reporter-output>
          </reporter-output>
        </test-method> <!-- init -->
      </class> <!-- test.PageObjectModel.SalesforceTest -->
      <class name="test.sagar.sample.sampleCodes.TestClass1">
        <test-method status="PASS" signature="testClass1Method3(org.testng.ITestContext)[pri:0, instance:test.sagar.sample.sampleCodes.TestClass1@28d25987]" name="testClass1Method3" duration-ms="11" started-at="2018-03-05T00:27:19Z" finished-at="2018-03-05T00:27:19Z">
          <params>
            <param index="0">
              <value>
                <![CDATA[org.testng.TestRunner@56235b8e]]>
              </value>
            </param>
          </params>
          <reporter-output>
          </reporter-output>
        </test-method> <!-- testClass1Method3 -->
        <test-method status="PASS" signature="testClass1Method4()[pri:0, instance:test.sagar.sample.sampleCodes.TestClass1@28d25987]" name="testClass1Method4" duration-ms="1" started-at="2018-03-05T00:27:19Z" finished-at="2018-03-05T00:27:19Z">
          <reporter-output>
          </reporter-output>
        </test-method> <!-- testClass1Method4 -->
        <test-method status="PASS" signature="testClass1Method5()[pri:0, instance:test.sagar.sample.sampleCodes.TestClass1@28d25987]" name="testClass1Method5" duration-ms="1" started-at="2018-03-05T00:27:19Z" finished-at="2018-03-05T00:27:19Z">
          <reporter-output>
          </reporter-output>
        </test-method> <!-- testClass1Method5 -->
      </class> <!-- test.sagar.sample.sampleCodes.TestClass1 -->
    </test> <!-- Test -->
  </suite> <!-- Suite -->
</testng-results>
